================================
PROJECT INFO 
================================
  project_file = E:\GitHub_Projects\BluetoothEarbud\ADK_6.2.43\earbud\qcc512x_qcc302x\CF376_CF440\earbud.x2p
   devkit_root = C:\qtil\ADK_QCC512x_QCC302x_WIN_6.2.43
 configuration = debug
-PROJECT PROPERTIES-
  IDE_PROJECT:earbud
  OUTDIR     :E:\GitHub_Projects\BluetoothEarbud\ADK_6.2.43\earbud\qcc512x_qcc302x\CF376_CF440

SOURCE FILES
E:\GitHub_Projects\BluetoothEarbud\ADK_6.2.43\earbud\av_headset_db.db
E:\GitHub_Projects\BluetoothEarbud\ADK_6.2.43\earbud\1_button.buttonxml
E:\GitHub_Projects\BluetoothEarbud\ADK_6.2.43\earbud\av_headset_a2dp.c
E:\GitHub_Projects\BluetoothEarbud\ADK_6.2.43\earbud\av_headset_auth.c
E:\GitHub_Projects\BluetoothEarbud\ADK_6.2.43\earbud\av_headset_av.c
E:\GitHub_Projects\BluetoothEarbud\ADK_6.2.43\earbud\av_headset_av_caps.c
E:\GitHub_Projects\BluetoothEarbud\ADK_6.2.43\earbud\av_headset_avrcp.c
E:\GitHub_Projects\BluetoothEarbud\ADK_6.2.43\earbud\av_headset_battery.c
E:\GitHub_Projects\BluetoothEarbud\ADK_6.2.43\earbud\av_headset_charger.c
E:\GitHub_Projects\BluetoothEarbud\ADK_6.2.43\earbud\av_headset_con_manager.c
E:\GitHub_Projects\BluetoothEarbud\ADK_6.2.43\earbud\av_headset_conn_rules.c
E:\GitHub_Projects\BluetoothEarbud\ADK_6.2.43\earbud\av_headset_device.c
E:\GitHub_Projects\BluetoothEarbud\ADK_6.2.43\earbud\av_headset_gaia.c
E:\GitHub_Projects\BluetoothEarbud\ADK_6.2.43\earbud\av_headset_gatt.c
E:\GitHub_Projects\BluetoothEarbud\ADK_6.2.43\earbud\av_headset_handset_signalling.c
E:\GitHub_Projects\BluetoothEarbud\ADK_6.2.43\earbud\av_headset_hfp.c
E:\GitHub_Projects\BluetoothEarbud\ADK_6.2.43\earbud\av_headset_init.c
E:\GitHub_Projects\BluetoothEarbud\ADK_6.2.43\earbud\av_headset_kymera.c
E:\GitHub_Projects\BluetoothEarbud\ADK_6.2.43\earbud\av_headset_led.c
E:\GitHub_Projects\BluetoothEarbud\ADK_6.2.43\earbud\av_headset_link_policy.c
E:\GitHub_Projects\BluetoothEarbud\ADK_6.2.43\earbud\av_headset_pairing.c
E:\GitHub_Projects\BluetoothEarbud\ADK_6.2.43\earbud\av_headset_peer_signalling.c
E:\GitHub_Projects\BluetoothEarbud\ADK_6.2.43\earbud\av_headset_phy_state.c
E:\GitHub_Projects\BluetoothEarbud\ADK_6.2.43\earbud\av_headset_power.c
E:\GitHub_Projects\BluetoothEarbud\ADK_6.2.43\earbud\av_headset_scan_manager.c
E:\GitHub_Projects\BluetoothEarbud\ADK_6.2.43\earbud\av_headset_sdp.c
E:\GitHub_Projects\BluetoothEarbud\ADK_6.2.43\earbud\av_headset_sm.c
E:\GitHub_Projects\BluetoothEarbud\ADK_6.2.43\earbud\av_headset_stubs.c
E:\GitHub_Projects\BluetoothEarbud\ADK_6.2.43\earbud\av_headset_tasklist.c
E:\GitHub_Projects\BluetoothEarbud\ADK_6.2.43\earbud\av_headset_test.c
E:\GitHub_Projects\BluetoothEarbud\ADK_6.2.43\earbud\av_headset_ui.c
E:\GitHub_Projects\BluetoothEarbud\ADK_6.2.43\earbud\av_headset_upgrade.c
E:\GitHub_Projects\BluetoothEarbud\ADK_6.2.43\earbud\gatt_server_db.dbi
E:\GitHub_Projects\BluetoothEarbud\ADK_6.2.43\earbud\main.c
E:\GitHub_Projects\BluetoothEarbud\ADK_6.2.43\earbud\chains\chain_aptx_mono_no_autosync_decoder.chain
E:\GitHub_Projects\BluetoothEarbud\ADK_6.2.43\earbud\chains\chain_forwarding_input_aac_left.chain
E:\GitHub_Projects\BluetoothEarbud\ADK_6.2.43\earbud\chains\chain_forwarding_input_aac_right.chain
E:\GitHub_Projects\BluetoothEarbud\ADK_6.2.43\earbud\chains\chain_forwarding_input_aptx_left.chain
E:\GitHub_Projects\BluetoothEarbud\ADK_6.2.43\earbud\chains\chain_forwarding_input_aptx_right.chain
E:\GitHub_Projects\BluetoothEarbud\ADK_6.2.43\earbud\chains\chain_forwarding_input_sbc_left.chain
E:\GitHub_Projects\BluetoothEarbud\ADK_6.2.43\earbud\chains\chain_forwarding_input_sbc_right.chain
E:\GitHub_Projects\BluetoothEarbud\ADK_6.2.43\earbud\chains\chain_output_volume.chain
E:\GitHub_Projects\BluetoothEarbud\ADK_6.2.43\earbud\chains\chain_sbc_mono_no_autosync_decoder.chain
E:\GitHub_Projects\BluetoothEarbud\ADK_6.2.43\earbud\chains\chain_sco_nb.chain
E:\GitHub_Projects\BluetoothEarbud\ADK_6.2.43\earbud\chains\chain_sco_nb_2mic.chain
E:\GitHub_Projects\BluetoothEarbud\ADK_6.2.43\earbud\chains\chain_sco_wb.chain
E:\GitHub_Projects\BluetoothEarbud\ADK_6.2.43\earbud\chains\chain_sco_wb_2mic.chain
E:\GitHub_Projects\BluetoothEarbud\ADK_6.2.43\earbud\chains\chain_tone_gen.chain
E:\GitHub_Projects\BluetoothEarbud\ADK_6.2.43\earbud\av_headset.h
E:\GitHub_Projects\BluetoothEarbud\ADK_6.2.43\earbud\av_headset_a2dp.h
E:\GitHub_Projects\BluetoothEarbud\ADK_6.2.43\earbud\av_headset_auth.h
E:\GitHub_Projects\BluetoothEarbud\ADK_6.2.43\earbud\av_headset_av.h
E:\GitHub_Projects\BluetoothEarbud\ADK_6.2.43\earbud\av_headset_avrcp.h
E:\GitHub_Projects\BluetoothEarbud\ADK_6.2.43\earbud\av_headset_battery.h
E:\GitHub_Projects\BluetoothEarbud\ADK_6.2.43\earbud\av_headset_charger.h
E:\GitHub_Projects\BluetoothEarbud\ADK_6.2.43\earbud\av_headset_con_manager.h
E:\GitHub_Projects\BluetoothEarbud\ADK_6.2.43\earbud\av_headset_config.h
E:\GitHub_Projects\BluetoothEarbud\ADK_6.2.43\earbud\av_headset_conn_rules.h
E:\GitHub_Projects\BluetoothEarbud\ADK_6.2.43\earbud\av_headset_device.h
E:\GitHub_Projects\BluetoothEarbud\ADK_6.2.43\earbud\av_headset_gaia.h
E:\GitHub_Projects\BluetoothEarbud\ADK_6.2.43\earbud\av_headset_gatt.h
E:\GitHub_Projects\BluetoothEarbud\ADK_6.2.43\earbud\av_headset_handset_signalling.h
E:\GitHub_Projects\BluetoothEarbud\ADK_6.2.43\earbud\av_headset_hfp.h
E:\GitHub_Projects\BluetoothEarbud\ADK_6.2.43\earbud\av_headset_init.h
E:\GitHub_Projects\BluetoothEarbud\ADK_6.2.43\earbud\av_headset_kymera.h
E:\GitHub_Projects\BluetoothEarbud\ADK_6.2.43\earbud\av_headset_latency.h
E:\GitHub_Projects\BluetoothEarbud\ADK_6.2.43\earbud\av_headset_led.h
E:\GitHub_Projects\BluetoothEarbud\ADK_6.2.43\earbud\av_headset_link_policy.h
E:\GitHub_Projects\BluetoothEarbud\ADK_6.2.43\earbud\av_headset_message.h
E:\GitHub_Projects\BluetoothEarbud\ADK_6.2.43\earbud\av_headset_pairing.h
E:\GitHub_Projects\BluetoothEarbud\ADK_6.2.43\earbud\av_headset_peer_signalling.h
E:\GitHub_Projects\BluetoothEarbud\ADK_6.2.43\earbud\av_headset_phy_state.h
E:\GitHub_Projects\BluetoothEarbud\ADK_6.2.43\earbud\av_headset_power.h
E:\GitHub_Projects\BluetoothEarbud\ADK_6.2.43\earbud\av_headset_role.h
E:\GitHub_Projects\BluetoothEarbud\ADK_6.2.43\earbud\av_headset_scan_manager.h
E:\GitHub_Projects\BluetoothEarbud\ADK_6.2.43\earbud\av_headset_sdp.h
E:\GitHub_Projects\BluetoothEarbud\ADK_6.2.43\earbud\av_headset_sm.h
E:\GitHub_Projects\BluetoothEarbud\ADK_6.2.43\earbud\av_headset_tasklist.h
E:\GitHub_Projects\BluetoothEarbud\ADK_6.2.43\earbud\av_headset_test.h
E:\GitHub_Projects\BluetoothEarbud\ADK_6.2.43\earbud\av_headset_ui.h
E:\GitHub_Projects\BluetoothEarbud\ADK_6.2.43\earbud\av_headset_upgrade.h
E:\GitHub_Projects\BluetoothEarbud\ADK_6.2.43\earbud\gatt_server_uuids.h

CONFIG NAME = debug
PROPS
defaultdict(<type 'str'>, {'FLASH_CONFIG': '..\\..\\64Mbit_default_flash_config.py', 'DBG_CORE': 'app/p1', 'INCPATHS': '..\\..\\..\\..\\installed_libs\\include\\profiles\\default_qcc512x_qcc302x ..\\..\\..\\..\\installed_libs\\include\\firmware_qcc512x_qcc302x ..\\..\\..\\..\\installed_libs\\include\\firmware_qcc512x_qcc302x\\app ..\\..\\..\\..\\installed_libs\\include\\standard C:\\qtil\\ADK_QCC512x_QCC302x_WIN_6.2.43\\audio\\kalimba\\kymera\\common\\interface\\gen\\k32 ..\\..\\chains', 'argument': '', 'LIBS': 'a2dp avrcp hfp connection bdaddr region vmal sdp_parse service gatt_manager gatt gatt_server gatt_gap_server chain operators cryptovm rtime system_clock input_event_manager pio_common audio_processor upgrade gaia byte_utils rwcp_server', 'DEFAULT_LIBS': 'usb_early_init', 'STRIP_SYMBOLS': 'FALSE', 'EXTRA_WARNINGS': 'FALSE', 'DEBUGTRANSPORT': '', 'OUTPUT_TYPE': 'EXECUTABLE', 'BUILD_TYPE': 'DEBUG', 'DEFINES': '', 'DEFS': '__KALIMBA__ HAVE_32BIT_DATA_WIDTH INSTALL_HYDRA_LOG BLUELAB DEBUG HYDRA HYDRACORE INCLUDE_AV AV_DEBUG INCLUDE_GATT INCLUDE_HFP INCLUDE_TONES USE_BDADDR_FOR_LEFT_RIGHT INCLUDE_CHARGER CF376_CF440 INCLUDE_DFU INCLUDE_POWER_CONTROL', 'PATHS': '\\qcc512x_qcc302x\\CF376_CF440\\depend_debug_aura', 'LIBPATHS': '..\\..\\..\\..\\installed_libs\\lib\\default_qcc512x_qcc302x\\native ..\\..\\..\\..\\installed_libs\\lib\\os\\qcc512x_qcc302x', 'description': '', 'permission': '', 'PRIVATE_DEFS': '', 'HW_VARIANT': 'CF376_CF440', 'SW_VARIANT': '', 'devkit_group': '', 'PRESERVED_LIBS': 'qcc512x_qcc302x', 'CHIP_TYPE': 'qcc512x_qcc302x', 'default': '', 'DEBUGCORE': '', 'PRIVATE_INCPATHS': '', 'OUTPUT': 'aura_app_p1', 'DBS': ''})

CONFIG NAME = makefile_project
PROPS
defaultdict(<type 'str'>, {'BUILD_ARGUMENTS': '', 'SUBSYSTEM_NAME': '', 'CLEAN_ARGUMENTS': '', 'DEBUGTRANSPORT': '', 'MAKEFILE_TO_CALL': 'Makefile', 'OUTPUT': '', 'BUILD_TYPE': 'MAKEFILE'})

CONFIG NAME = filesystem
PROPS
defaultdict(<type 'str'>, {'system_label': '', 'OUTPUT': '', 'FS_ROOT': '', 'TYPE': 'firmware_config'})

CONFIG NAME = release
PROPS
defaultdict(<type 'str'>, {'DEFS': 'AURA', 'LIBPATHS': '', 'DBG_CORE': 'app/p1', 'INCPATHS': 'C:\\qtil\\ADK_QCC512x_QCC302x_WIN_6.2.43\\include/*.h;include/adk/*.h', 'DEBUGTRANSPORT': '', 'OUTPUT_TYPE': 'EXECUTABLE', 'LIBS': '', 'OUTPUT': '', 'DBS': '', 'BUILD_TYPE': 'RELEASE', 'STRIP_SYMBOLS': 'FALSE'})

CONFIG NAME = prebuilt_image
PROPS
defaultdict(<type 'str'>, {'OUTPUT': '', 'DEBUGTRANSPORT': '', 'SUBSYSTEM_NAME': '', 'BUILD_TYPE': 'DO_NOT_BUILD', 'OUTPUT_TYPE': 'NONE'})
------------------------------------
DEVKIT INFO 
------------------------------------
  Param -d =  C:\qtil\ADK_QCC512x_QCC302x_WIN_6.2.43
  Script =  C:/qtil/ADK_QCC512x_QCC302x_WIN_6.2.43/tools/ubuild/ubuild.py
  XML FILE = C:\qtil\ADK_QCC512x_QCC302x_WIN_6.2.43\merge_ubuild.chk
-KITIDENT-
  compatibility_list:['{34E71291-920E-4fe0-8871-5F119C8D0E40}']
  uuid              :{7f10f105-91f8-4254-a833-600c9dcad611}
  checksum          :91b8373fa656a924df0296358a65cdbc
  URI               :kitres://{7f10f105-91f8-4254-a833-600c9dcad611}
  build_time        :1519148132
  filter            :qcc3400;qcc512*;qcc302*
  version           :6.2
  build             :43
  dependencies      :
            
  fsprefix          :aura
  devkit_group      :{BBAC163C-41BE-4ce7-B236-236F15FF18CA}
  target            :x86
-TOP LEVEL ELEMENTS-
  info          :True
  commands      :True
  toolchain     :True
  ext_id        :True
  doc           :True
  ext_info      :True
  plugins       :True
  id            :True
  configurations:True
    -COMMANDS-
      coredumpWithAppsSqif:{'run': './tools/python27/python.exe', 'description': 'Coredump all sub-systems including apps sqif'}
      eraseApps           :{'run': './tools/python27/python.exe', 'description': 'Run pydbg to erase the apps area'}
      config_tool         :{'run': './tools/bin/ADKConfigTool.exe', 'description': 'Run the config tool'}
      pydbgCoredump       :{'run': './tools/python27/python.exe', 'description': 'Run pydbg on a coredump'}
      deploy              :{'run': './tools/python27/python.exe', 'description': 'Deploys an ADK Project binary to a device'}
      make                :{'run': 'bin/make.exe', 'description': 'GNU Make'}
      coredump            :{'run': './tools/python27/python.exe', 'description': 'Coredump all sub-systems'}
      run_obpm            :{'run': './tools/bin/UniversalFrontEnd.exe', 'description': 'Run the Operator Based Parameter Manager'}
      flash_config_editor :{'run': './tools/python27/python.exe', 'description': 'Launch the flash configuration editor'}
      privateLibExport    :{'run': './tools/python27/python.exe', 'description': 'Import a private private library into a project'}
      buildDFU            :{'run': './tools/python27/python.exe', 'description': 'Collect or build input files and create DFU file'}
      build               :{'run': './tools/python27/python.exe', 'description': 'Builds an ADK Project'}
      clean               :{'run': './tools/python27/python.exe', 'description': 'Clean an ADK Project'}
      dfu_setup           :{'run': './tools/python27/python.exe', 'description': 'Setup DFU security'}
      buildFlashImage     :{'run': './tools/python27/python.exe', 'description': 'Generate a single flash image file'}
      privateLibImport    :{'run': './tools/python27/python.exe', 'description': 'Import a private private library into a project'}
====================
-TOOLS-
  system:{'device': 'plugins/debugger/device_control_hydra.dll', 'core_groups': {'app': {'p1': 'plugins/debugger/core_debug_kalimba.dll'}, 'audio': {'p0': 'plugins/debugger/core_debug_kalimba.dll', 'p1': 'plugins/debugger/core_debug_kalimba.dll'}}}

>>> [C:/qtil/ADK_QCC512x_QCC302x_WIN_6.2.43/tools/bin/make.exe SDK=C:/qtil/ADK_QCC512x_QCC302x_WIN_6.2.43/tools DEVKIT_ROOT=C:/qtil/ADK_QCC512x_QCC302x_WIN_6.2.43 -s -f E:/GitHub_Projects/BluetoothEarbud/ADK_6.2.43/earbud/qcc512x_qcc302x/CF376_CF440/earbud.debug.mak build -j8]
SDK is C:/qtil/ADK_QCC512x_QCC302x_WIN_6.2.43/tools
BUILDING FOR qcc512x qcc302x
Compiling ..\..\chains\chain_aptx_mono_no_autosync_decoder.c
Compiling ..\..\chains\chain_forwarding_input_aac_left.c
av_headset_db.db_:1: warning: syntax error near token '.'
C:/qtil/ADK_QCC512x_QCC302x_WIN_6.2.43/tools/Makefile.rules:361: recipe for target 'PHONY_..\..\av_headset_db.db' failed
make.exe: *** [PHONY_..\..\av_headset_db.db] Error 1
make.exe: *** Waiting for unfinished jobs....
Error: cannot open include file "hydra_types.h" (IncludeFail)
Error: cannot open include file "hydra_macros.h" (IncludeFail)
Error: cannot open include file "hydra_dev.h" (IncludeFail)
In file included from ..\..\chains\chain_aptx_mono_no_autosync_decoder.c:10:
"..\..\chains\chain_aptx_mono_no_autosync_decoder.h" line 27: Error: cannot open include file "chain.h" (IncludeFail)
In file included from ..\..\chains\chain_aptx_mono_no_autosync_decoder.c:10:
"..\..\chains\chain_aptx_mono_no_autosync_decoder.h" line 29: Error: missing type specifier (MissingTypeSpecifier)
In file included from ..\..\chains\chain_aptx_mono_no_autosync_decoder.c:10:
"..\..\chains\chain_aptx_mono_no_autosync_decoder.h" line 29: Error: unexpected identifier 'chain_aptx_mono_no_autosync_decoder_config' (UnexpectedIdent)
In file included from ..\..\chains\chain_aptx_mono_no_autosync_decoder.c:12:
"C:\qtil\ADK_QCC512x_QCC302x_WIN_6.2.43\audio\kalimba\kymera\common\interface\gen\k32\opmsg_prim.h" line 1224: Error: missing type specifier (MissingTypeSpecifier)
In file included from ..\..\chains\chain_aptx_mono_no_autosync_decoder.c:12:
"C:\qtil\ADK_QCC512x_QCC302x_WIN_6.2.43\audio\kalimba\kymera\common\interface\gen\k32\opmsg_prim.h" line 1224: Error: unexpected identifier 'OPMSG_CVC_RCV_ID' (UnexpectedIdent)
"..\..\chains\chain_aptx_mono_no_autosync_decoder.c" line 13: Error: cannot open include file "hydra_macros.h" (IncludeFail)
"..\..\chains\chain_aptx_mono_no_autosync_decoder.c" line 15: Error: missing type specifier (MissingTypeSpecifier)
Maximum number of errors exceeded, compiler quits.
Error: Error while running 'kalcc32'
C:/qtil/ADK_QCC512x_QCC302x_WIN_6.2.43/tools/Makefile.rules:389: recipe for target 'depend_debug_aura/chain_aptx_mono_no_autosync_decoder.o' failed
make.exe: *** [depend_debug_aura/chain_aptx_mono_no_autosync_decoder.o] Error 1
Error: cannot open include file "hydra_types.h" (IncludeFail)
Error: cannot open include file "hydra_macros.h" (IncludeFail)
Error: cannot open include file "hydra_dev.h" (IncludeFail)
In file included from ..\..\chains\chain_forwarding_input_aac_left.c:10:
"..\..\chains\chain_forwarding_input_aac_left.h" line 35: Error: cannot open include file "chain.h" (IncludeFail)
In file included from ..\..\chains\chain_forwarding_input_aac_left.c:10:
"..\..\chains\chain_forwarding_input_aac_left.h" line 37: Error: missing type specifier (MissingTypeSpecifier)
In file included from ..\..\chains\chain_forwarding_input_aac_left.c:10:
"..\..\chains\chain_forwarding_input_aac_left.h" line 37: Error: unexpected identifier 'chain_forwarding_input_aac_left_config' (UnexpectedIdent)
In file included from ..\..\chains\chain_forwarding_input_aac_left.c:12:
"C:\qtil\ADK_QCC512x_QCC302x_WIN_6.2.43\audio\kalimba\kymera\common\interface\gen\k32\opmsg_prim.h" line 1224: Error: missing type specifier (MissingTypeSpecifier)
In file included from ..\..\chains\chain_forwarding_input_aac_left.c:12:
"C:\qtil\ADK_QCC512x_QCC302x_WIN_6.2.43\audio\kalimba\kymera\common\interface\gen\k32\opmsg_prim.h" line 1224: Error: unexpected identifier 'OPMSG_CVC_RCV_ID' (UnexpectedIdent)
"..\..\chains\chain_forwarding_input_aac_left.c" line 13: Error: cannot open include file "hydra_macros.h" (IncludeFail)
"..\..\chains\chain_forwarding_input_aac_left.c" line 15: Error: missing type specifier (MissingTypeSpecifier)
Maximum number of errors exceeded, compiler quits.
Error: Error while running 'kalcc32'
C:/qtil/ADK_QCC512x_QCC302x_WIN_6.2.43/tools/Makefile.rules:389: recipe for target 'depend_debug_aura/chain_forwarding_input_aac_left.o' failed
make.exe: *** [depend_debug_aura/chain_forwarding_input_aac_left.o] Error 1



